<?xml version="1.0" encoding="UTF-8"?>
<!-- Generated by org.testng.reporters.JUnitReportReporter -->
<testsuite hostname="LAPTOP-03ON2GPR" failures="0" tests="3" name="testscript.Login" time="15.943" errors="0" timestamp="2026-03-09T12:06:15 IST" skipped="0">
  <testcase classname="testscript.Login" name="verifyTheUserIsAbleToLoginUsingValidCredentials" time="5.385"/>
  <testcase classname="testscript.Login" name="verifyTheUserIsAbleToLoginUsingValidUsernameInValidPassword" time="5.565"/>
  <testcase classname="testscript.Login" name="verifyTheUserIsAbleToLoginUsingInValidUsernameValidPassword" time="4.993"/>
</testsuite> <!-- testscript.Login -->
